#-----------------------------------------------------------
# Vivado v2016.4 (64-bit)
# SW Build 1756540 on Mon Jan 23 19:11:23 MST 2017
# IP Build 1755317 on Mon Jan 23 20:30:07 MST 2017
# Start of session at: Sat Oct 15 11:08:42 2022
# Process ID: 13236
# Current directory: E:/Ankur/VLSI/Sem-1/DICDesign_Lab/Exp8/processor/processor
# Command line: vivado.exe -gui_launcher_event rodinguilauncherevent17988 E:\Ankur\VLSI\Sem-1\DICDesign_Lab\Exp8\processor\processor\processor.xpr
# Log file: E:/Ankur/VLSI/Sem-1/DICDesign_Lab/Exp8/processor/processor/vivado.log
# Journal file: E:/Ankur/VLSI/Sem-1/DICDesign_Lab/Exp8/processor/processor\vivado.jou
#-----------------------------------------------------------
start_gui
open_project E:/Ankur/VLSI/Sem-1/DICDesign_Lab/Exp8/processor/processor/processor.xpr
Scanning sources...
Finished scanning sources
INFO: [IP_Flow 19-234] Refreshing IP repositories
INFO: [IP_Flow 19-1704] No user IP repositories specified
INFO: [IP_Flow 19-2313] Loaded Vivado IP repository 'C:/Xilinx/Vivado/2016.4/data/ip'.
exit
INFO: [Common 17-206] Exiting Vivado at Sat Oct 15 11:09:10 2022...
